TN:
SF:d:\Users\achandra.CORP\test\TestGeneration\test.js
FNF:0
FNH:0
DA:1,1
DA:2,1
DA:3,1
DA:4,1
DA:5,1
DA:6,1
DA:7,1
DA:8,1
DA:9,1
DA:10,1
DA:11,1
DA:12,1
DA:13,1
DA:14,1
DA:15,1
DA:16,1
DA:17,1
DA:18,1
DA:19,1
DA:20,1
DA:21,1
DA:22,1
DA:23,1
DA:24,1
DA:25,1
LF:25
LH:25
BRF:0
BRH:0
end_of_record
TN:
SF:d:\Users\achandra.CORP\test\TestGeneration\subject.js
FN:3,inc
FN:15,fileTest
FN:32,normalize
FN:41,format
FN:56,blackListNumber
FNF:5
FNH:5
FNDA:2,inc
FNDA:5,fileTest
FNDA:6,normalize
FNDA:5,format
FNDA:2,blackListNumber
DA:1,1
DA:3,1
DA:4,2
DA:6,2
DA:8,1
DA:11,2
DA:15,1
DA:17,5
DA:18,2
DA:21,3
DA:23,2
DA:24,2
DA:26,1
DA:28,1
DA:32,1
DA:34,6
DA:41,1
DA:44,5
DA:45,5
DA:48,5
DA:49,50
DA:52,5
DA:56,1
DA:58,2
DA:59,2
DA:60,2
DA:62,1
DA:64,1
DA:67,1
DA:68,1
DA:69,1
DA:70,1
DA:71,1
LF:33
LH:33
BRDA:4,1,0,1
BRDA:4,1,1,1
BRDA:6,2,0,1
BRDA:6,2,1,1
BRDA:17,3,0,2
BRDA:17,3,1,3
BRDA:21,4,0,2
BRDA:21,4,1,1
BRDA:24,5,0,1
BRDA:24,5,1,1
BRDA:44,6,0,5
BRDA:44,6,1,0
BRDA:44,7,0,5
BRDA:44,7,1,2
BRDA:60,8,0,1
BRDA:60,8,1,1
BRF:16
BRH:15
end_of_record
